{"/Users/izzeddin/school/blog-backend/src/controllers/Auth.controller.ts": {"path":"/Users/izzeddin/school/blog-backend/src/controllers/Auth.controller.ts","statementMap":{"0":{"start":{"line":1,"column":0},"end":{"line":1,"column":73}},"1":{"start":{"line":4,"column":0},"end":{"line":4,"column":79}},"2":{"start":{"line":5,"column":0},"end":{"line":5,"column":78}},"3":{"start":{"line":21,"column":4},"end":{"line":21,"column":35}},"4":{"start":{"line":25,"column":4},"end":{"line":42,"column":5}},"5":{"start":{"line":26,"column":23},"end":{"line":29,"column":8}},"6":{"start":{"line":31,"column":55},"end":{"line":31,"column":68}},"7":{"start":{"line":31,"column":22},"end":{"line":31,"column":27}},"8":{"start":{"line":31,"column":50},"end":{"line":31,"column":55}},"9":{"start":{"line":32,"column":6},"end":{"line":34,"column":72}},"10":{"start":{"line":36,"column":6},"end":{"line":38,"column":7}},"11":{"start":{"line":37,"column":8},"end":{"line":37,"column":62}},"12":{"start":{"line":39,"column":6},"end":{"line":41,"column":67}},"13":{"start":{"line":46,"column":4},"end":{"line":59,"column":5}},"14":{"start":{"line":47,"column":23},"end":{"line":50,"column":8}},"15":{"start":{"line":52,"column":55},"end":{"line":52,"column":68}},"16":{"start":{"line":52,"column":22},"end":{"line":52,"column":27}},"17":{"start":{"line":52,"column":50},"end":{"line":52,"column":55}},"18":{"start":{"line":53,"column":6},"end":{"line":53,"column":73}},"19":{"start":{"line":55,"column":6},"end":{"line":57,"column":7}},"20":{"start":{"line":56,"column":8},"end":{"line":56,"column":76}},"21":{"start":{"line":58,"column":6},"end":{"line":58,"column":61}},"22":{"start":{"line":63,"column":4},"end":{"line":74,"column":5}},"23":{"start":{"line":64,"column":21},"end":{"line":64,"column":32}},"24":{"start":{"line":65,"column":19},"end":{"line":65,"column":57}},"25":{"start":{"line":66,"column":6},"end":{"line":68,"column":7}},"26":{"start":{"line":67,"column":8},"end":{"line":67,"column":65}},"27":{"start":{"line":70,"column":55},"end":{"line":70,"column":59}},"28":{"start":{"line":70,"column":50},"end":{"line":70,"column":55}},"29":{"start":{"line":71,"column":6},"end":{"line":71,"column":57}},"30":{"start":{"line":73,"column":6},"end":{"line":73,"column":61}},"31":{"start":{"line":17,"column":0},"end":{"line":17,"column":13}},"32":{"start":{"line":78,"column":13},"end":{"line":78,"column":62}}},"fnMap":{"0":{"name":"(anonymous_8)","decl":{"start":{"line":20,"column":2},"end":{"line":20,"column":14}},"loc":{"start":{"line":20,"column":38},"end":{"line":22,"column":3}}},"1":{"name":"(anonymous_9)","decl":{"start":{"line":24,"column":8},"end":{"line":24,"column":14}},"loc":{"start":{"line":24,"column":48},"end":{"line":43,"column":null}}},"2":{"name":"(anonymous_11)","decl":{"start":{"line":45,"column":8},"end":{"line":45,"column":13}},"loc":{"start":{"line":45,"column":41},"end":{"line":60,"column":null}}},"3":{"name":"(anonymous_13)","decl":{"start":{"line":62,"column":8},"end":{"line":62,"column":15}},"loc":{"start":{"line":62,"column":50},"end":{"line":75,"column":null}}}},"branchMap":{"0":{"loc":{"start":{"line":36,"column":6},"end":{"line":38,"column":7}},"type":"if","locations":[{"start":{"line":36,"column":6},"end":{"line":38,"column":7}}]},"1":{"loc":{"start":{"line":55,"column":6},"end":{"line":57,"column":7}},"type":"if","locations":[{"start":{"line":55,"column":6},"end":{"line":57,"column":7}}]},"2":{"loc":{"start":{"line":66,"column":6},"end":{"line":68,"column":7}},"type":"if","locations":[{"start":{"line":66,"column":6},"end":{"line":68,"column":7}}]}},"s":{"0":0,"1":0,"2":0,"3":0,"4":0,"5":0,"6":0,"7":0,"8":0,"9":0,"10":0,"11":0,"12":0,"13":0,"14":0,"15":0,"16":0,"17":0,"18":0,"19":0,"20":0,"21":0,"22":0,"23":0,"24":0,"25":0,"26":0,"27":0,"28":0,"29":0,"30":0,"31":0,"32":0},"f":{"0":0,"1":0,"2":0,"3":0},"b":{"0":[0],"1":[0],"2":[0]}}
,"/Users/izzeddin/school/blog-backend/src/controllers/Blog.controller.ts": {"path":"/Users/izzeddin/school/blog-backend/src/controllers/Blog.controller.ts","statementMap":{"0":{"start":{"line":2,"column":0},"end":{"line":2,"column":73}},"1":{"start":{"line":3,"column":0},"end":{"line":3,"column":62}},"2":{"start":{"line":25,"column":22},"end":{"line":25,"column":46}},"3":{"start":{"line":26,"column":4},"end":{"line":26,"column":35}},"4":{"start":{"line":30,"column":4},"end":{"line":41,"column":5}},"5":{"start":{"line":31,"column":33},"end":{"line":31,"column":41}},"6":{"start":{"line":32,"column":20},"end":{"line":32,"column":31}},"7":{"start":{"line":33,"column":19},"end":{"line":33,"column":44}},"8":{"start":{"line":34,"column":19},"end":{"line":34,"column":54}},"9":{"start":{"line":35,"column":6},"end":{"line":35,"column":70}},"10":{"start":{"line":37,"column":6},"end":{"line":39,"column":7}},"11":{"start":{"line":38,"column":8},"end":{"line":38,"column":62}},"12":{"start":{"line":40,"column":6},"end":{"line":40,"column":85}},"13":{"start":{"line":45,"column":19},"end":{"line":45,"column":29}},"14":{"start":{"line":46,"column":17},"end":{"line":46,"column":62}},"15":{"start":{"line":47,"column":4},"end":{"line":49,"column":5}},"16":{"start":{"line":48,"column":6},"end":{"line":48,"column":63}},"17":{"start":{"line":50,"column":4},"end":{"line":50,"column":56}},"18":{"start":{"line":54,"column":18},"end":{"line":54,"column":49}},"19":{"start":{"line":55,"column":4},"end":{"line":55,"column":71}},"20":{"start":{"line":55,"column":42},"end":{"line":55,"column":66}},"21":{"start":{"line":59,"column":27},"end":{"line":59,"column":37}},"22":{"start":{"line":60,"column":27},"end":{"line":60,"column":35}},"23":{"start":{"line":61,"column":17},"end":{"line":61,"column":25}},"24":{"start":{"line":62,"column":17},"end":{"line":62,"column":76}},"25":{"start":{"line":63,"column":4},"end":{"line":65,"column":5}},"26":{"start":{"line":64,"column":6},"end":{"line":64,"column":63}},"27":{"start":{"line":66,"column":4},"end":{"line":66,"column":56}},"28":{"start":{"line":70,"column":27},"end":{"line":70,"column":37}},"29":{"start":{"line":71,"column":27},"end":{"line":71,"column":35}},"30":{"start":{"line":72,"column":17},"end":{"line":72,"column":70}},"31":{"start":{"line":73,"column":4},"end":{"line":75,"column":5}},"32":{"start":{"line":74,"column":6},"end":{"line":74,"column":63}},"33":{"start":{"line":76,"column":4},"end":{"line":76,"column":33}},"34":{"start":{"line":24,"column":0},"end":{"line":24,"column":13}},"35":{"start":{"line":80,"column":13},"end":{"line":80,"column":62}}},"fnMap":{"0":{"name":"(anonymous_7)","decl":{"start":{"line":25,"column":2},"end":{"line":25,"column":22}},"loc":{"start":{"line":25,"column":46},"end":{"line":27,"column":3}}},"1":{"name":"(anonymous_8)","decl":{"start":{"line":29,"column":8},"end":{"line":29,"column":14}},"loc":{"start":{"line":29,"column":52},"end":{"line":42,"column":null}}},"2":{"name":"(anonymous_10)","decl":{"start":{"line":44,"column":8},"end":{"line":44,"column":18}},"loc":{"start":{"line":44,"column":53},"end":{"line":51,"column":null}}},"3":{"name":"(anonymous_12)","decl":{"start":{"line":53,"column":8},"end":{"line":53,"column":14}},"loc":{"start":{"line":53,"column":49},"end":{"line":56,"column":null}}},"4":{"name":"(anonymous_14)","decl":{"start":{"line":55,"column":32},"end":{"line":55,"column":33}},"loc":{"start":{"line":55,"column":42},"end":{"line":55,"column":66}}},"5":{"name":"(anonymous_15)","decl":{"start":{"line":58,"column":8},"end":{"line":58,"column":14}},"loc":{"start":{"line":58,"column":52},"end":{"line":67,"column":null}}},"6":{"name":"(anonymous_17)","decl":{"start":{"line":69,"column":8},"end":{"line":69,"column":14}},"loc":{"start":{"line":69,"column":49},"end":{"line":77,"column":null}}}},"branchMap":{"0":{"loc":{"start":{"line":37,"column":6},"end":{"line":39,"column":7}},"type":"if","locations":[{"start":{"line":37,"column":6},"end":{"line":39,"column":7}}]},"1":{"loc":{"start":{"line":47,"column":4},"end":{"line":49,"column":5}},"type":"if","locations":[{"start":{"line":47,"column":4},"end":{"line":49,"column":5}}]},"2":{"loc":{"start":{"line":63,"column":4},"end":{"line":65,"column":5}},"type":"if","locations":[{"start":{"line":63,"column":4},"end":{"line":65,"column":5}}]},"3":{"loc":{"start":{"line":73,"column":4},"end":{"line":75,"column":5}},"type":"if","locations":[{"start":{"line":73,"column":4},"end":{"line":75,"column":5}}]}},"s":{"0":0,"1":0,"2":0,"3":0,"4":0,"5":0,"6":0,"7":0,"8":0,"9":0,"10":0,"11":0,"12":0,"13":0,"14":0,"15":0,"16":0,"17":0,"18":0,"19":0,"20":0,"21":0,"22":0,"23":0,"24":0,"25":0,"26":0,"27":0,"28":0,"29":0,"30":0,"31":0,"32":0,"33":0,"34":0,"35":0},"f":{"0":0,"1":0,"2":0,"3":0,"4":0,"5":0,"6":0},"b":{"0":[0],"1":[0],"2":[0],"3":[0]}}
,"/Users/izzeddin/school/blog-backend/src/database/db.ts": {"path":"/Users/izzeddin/school/blog-backend/src/database/db.ts","statementMap":{"0":{"start":{"line":1,"column":0},"end":{"line":1,"column":50}},"1":{"start":{"line":2,"column":0},"end":{"line":2,"column":32}},"2":{"start":{"line":3,"column":0},"end":{"line":3,"column":32}},"3":{"start":{"line":4,"column":0},"end":{"line":4,"column":35}},"4":{"start":{"line":6,"column":0},"end":{"line":6,"column":9}},"5":{"start":{"line":8,"column":60},"end":{"line":8,"column":71}},"6":{"start":{"line":10,"column":14},"end":{"line":10,"column":111}},"7":{"start":{"line":12,"column":15},"end":{"line":12,"column":30}},"8":{"start":{"line":14,"column":13},"end":{"line":14,"column":59}}},"fnMap":{},"branchMap":{"0":{"loc":{"start":{"line":10,"column":40},"end":{"line":10,"column":76}},"type":"cond-expr","locations":[{"start":{"line":10,"column":54},"end":{"line":10,"column":71}},{"start":{"line":10,"column":74},"end":{"line":10,"column":76}}]}},"s":{"0":0,"1":0,"2":0,"3":0,"4":0,"5":0,"6":0,"7":0,"8":0},"f":{},"b":{"0":[0,0]}}
,"/Users/izzeddin/school/blog-backend/src/database/migrate.ts": {"path":"/Users/izzeddin/school/blog-backend/src/database/migrate.ts","statementMap":{"0":{"start":{"line":1,"column":0},"end":{"line":1,"column":50}},"1":{"start":{"line":2,"column":0},"end":{"line":2,"column":59}},"2":{"start":{"line":3,"column":0},"end":{"line":3,"column":32}},"3":{"start":{"line":4,"column":0},"end":{"line":4,"column":38}},"4":{"start":{"line":5,"column":0},"end":{"line":5,"column":9}},"5":{"start":{"line":7,"column":60},"end":{"line":7,"column":71}},"6":{"start":{"line":9,"column":14},"end":{"line":9,"column":111}},"7":{"start":{"line":10,"column":24},"end":{"line":10,"column":51}},"8":{"start":{"line":13,"column":2},"end":{"line":15,"column":5}},"9":{"start":{"line":17,"column":2},"end":{"line":17,"column":30}},"10":{"start":{"line":20,"column":0},"end":{"line":20,"column":7}}},"fnMap":{"0":{"name":"main","decl":{"start":{"line":12,"column":15},"end":{"line":12,"column":19}},"loc":{"start":{"line":12,"column":19},"end":{"line":18,"column":null}}}},"branchMap":{"0":{"loc":{"start":{"line":9,"column":40},"end":{"line":9,"column":76}},"type":"cond-expr","locations":[{"start":{"line":9,"column":54},"end":{"line":9,"column":71}},{"start":{"line":9,"column":74},"end":{"line":9,"column":76}}]}},"s":{"0":0,"1":0,"2":0,"3":0,"4":0,"5":0,"6":0,"7":0,"8":0,"9":0,"10":0},"f":{"0":0},"b":{"0":[0,0]}}
,"/Users/izzeddin/school/blog-backend/src/database/schema.ts": {"path":"/Users/izzeddin/school/blog-backend/src/database/schema.ts","statementMap":{"0":{"start":{"line":1,"column":0},"end":{"line":1,"column":null}},"1":{"start":{"line":8,"column":13},"end":{"line":12,"column":3}},"2":{"start":{"line":14,"column":13},"end":{"line":21,"column":3}},"3":{"start":{"line":20,"column":22},"end":{"line":20,"column":34}}},"fnMap":{"0":{"name":"(anonymous_0)","decl":{"start":{"line":20,"column":16},"end":{"line":20,"column":19}},"loc":{"start":{"line":20,"column":22},"end":{"line":20,"column":34}}}},"branchMap":{},"s":{"0":0,"1":0,"2":0,"3":0},"f":{"0":0},"b":{}}
,"/Users/izzeddin/school/blog-backend/src/middlewares/auth.middleware.ts": {"path":"/Users/izzeddin/school/blog-backend/src/middlewares/auth.middleware.ts","statementMap":{"0":{"start":{"line":2,"column":0},"end":{"line":2,"column":47}},"1":{"start":{"line":9,"column":16},"end":{"line":9,"column":58}},"2":{"start":{"line":10,"column":2},"end":{"line":12,"column":3}},"3":{"start":{"line":11,"column":4},"end":{"line":11,"column":59}},"4":{"start":{"line":13,"column":2},"end":{"line":19,"column":3}},"5":{"start":{"line":14,"column":20},"end":{"line":14,"column":64}},"6":{"start":{"line":15,"column":4},"end":{"line":15,"column":23}},"7":{"start":{"line":16,"column":4},"end":{"line":16,"column":11}},"8":{"start":{"line":18,"column":4},"end":{"line":18,"column":59}},"9":{"start":{"line":8,"column":0},"end":{"line":8,"column":16}}},"fnMap":{"0":{"name":"authMiddleware","decl":{"start":{"line":8,"column":16},"end":{"line":8,"column":30}},"loc":{"start":{"line":8,"column":80},"end":{"line":21,"column":1}}}},"branchMap":{"0":{"loc":{"start":{"line":9,"column":16},"end":{"line":9,"column":58}},"type":"cond-expr","locations":[{"start":{"line":9,"column":43},"end":{"line":9,"column":45}},{"start":{"line":9,"column":43},"end":{"line":9,"column":58}}]},"1":{"loc":{"start":{"line":9,"column":16},"end":{"line":9,"column":45}},"type":"binary-expr","locations":[{"start":{"line":9,"column":16},"end":{"line":9,"column":45}},{"start":{"line":9,"column":43},"end":{"line":9,"column":45}}]},"2":{"loc":{"start":{"line":10,"column":2},"end":{"line":12,"column":3}},"type":"if","locations":[{"start":{"line":10,"column":2},"end":{"line":12,"column":3}}]}},"s":{"0":0,"1":0,"2":0,"3":0,"4":0,"5":0,"6":0,"7":0,"8":0,"9":0},"f":{"0":0},"b":{"0":[0,0],"1":[0,0],"2":[0]}}
,"/Users/izzeddin/school/blog-backend/src/persistance/Auth.persistance.ts": {"path":"/Users/izzeddin/school/blog-backend/src/persistance/Auth.persistance.ts","statementMap":{"0":{"start":{"line":1,"column":0},"end":{"line":1,"column":61}},"1":{"start":{"line":2,"column":0},"end":{"line":2,"column":36}},"2":{"start":{"line":3,"column":0},"end":{"line":3,"column":47}},"3":{"start":{"line":4,"column":0},"end":{"line":4,"column":41}},"4":{"start":{"line":5,"column":0},"end":{"line":5,"column":79}},"5":{"start":{"line":6,"column":0},"end":{"line":6,"column":33}},"6":{"start":{"line":15,"column":2},"end":{"line":15,"column":23}},"7":{"start":{"line":20,"column":4},"end":{"line":41,"column":5}},"8":{"start":{"line":21,"column":34},"end":{"line":21,"column":41}},"9":{"start":{"line":22,"column":22},"end":{"line":32,"column":10}},"10":{"start":{"line":33,"column":6},"end":{"line":33,"column":14}},"11":{"start":{"line":35,"column":6},"end":{"line":35,"column":37}},"12":{"start":{"line":37,"column":6},"end":{"line":39,"column":7}},"13":{"start":{"line":38,"column":8},"end":{"line":38,"column":70}},"14":{"start":{"line":40,"column":6},"end":{"line":40,"column":18}},"15":{"start":{"line":45,"column":19},"end":{"line":48,"column":40}},"16":{"start":{"line":49,"column":4},"end":{"line":56,"column":5}},"17":{"start":{"line":50,"column":6},"end":{"line":55,"column":9}},"18":{"start":{"line":57,"column":4},"end":{"line":57,"column":16}},"19":{"start":{"line":61,"column":19},"end":{"line":64,"column":34}},"20":{"start":{"line":65,"column":4},"end":{"line":71,"column":5}},"21":{"start":{"line":66,"column":6},"end":{"line":70,"column":9}},"22":{"start":{"line":72,"column":4},"end":{"line":72,"column":16}},"23":{"start":{"line":18,"column":0},"end":{"line":18,"column":13}},"24":{"start":{"line":76,"column":13},"end":{"line":76,"column":53}}},"fnMap":{"0":{"name":"rowToDomain","decl":{"start":{"line":14,"column":9},"end":{"line":14,"column":20}},"loc":{"start":{"line":14,"column":29},"end":{"line":16,"column":1}}},"1":{"name":"(anonymous_8)","decl":{"start":{"line":19,"column":15},"end":{"line":19,"column":22}},"loc":{"start":{"line":19,"column":58},"end":{"line":42,"column":null}}},"2":{"name":"(anonymous_10)","decl":{"start":{"line":44,"column":15},"end":{"line":44,"column":29}},"loc":{"start":{"line":44,"column":43},"end":{"line":58,"column":null}}},"3":{"name":"(anonymous_12)","decl":{"start":{"line":60,"column":15},"end":{"line":60,"column":26}},"loc":{"start":{"line":60,"column":37},"end":{"line":73,"column":null}}}},"branchMap":{"0":{"loc":{"start":{"line":37,"column":6},"end":{"line":39,"column":7}},"type":"if","locations":[{"start":{"line":37,"column":6},"end":{"line":39,"column":7}}]},"1":{"loc":{"start":{"line":37,"column":10},"end":{"line":37,"column":67}},"type":"binary-expr","locations":[{"start":{"line":37,"column":10},"end":{"line":37,"column":40}},{"start":{"line":37,"column":45},"end":{"line":37,"column":67}}]},"2":{"loc":{"start":{"line":49,"column":4},"end":{"line":56,"column":5}},"type":"if","locations":[{"start":{"line":49,"column":4},"end":{"line":56,"column":5}}]},"3":{"loc":{"start":{"line":65,"column":4},"end":{"line":71,"column":5}},"type":"if","locations":[{"start":{"line":65,"column":4},"end":{"line":71,"column":5}}]}},"s":{"0":0,"1":0,"2":0,"3":0,"4":0,"5":0,"6":0,"7":0,"8":0,"9":0,"10":0,"11":0,"12":0,"13":0,"14":0,"15":0,"16":0,"17":0,"18":0,"19":0,"20":0,"21":0,"22":0,"23":0,"24":0},"f":{"0":0,"1":0,"2":0,"3":0},"b":{"0":[0],"1":[0,0],"2":[0],"3":[0]}}
,"/Users/izzeddin/school/blog-backend/src/persistance/blog.persistance.ts": {"path":"/Users/izzeddin/school/blog-backend/src/persistance/blog.persistance.ts","statementMap":{"0":{"start":{"line":1,"column":0},"end":{"line":1,"column":38}},"1":{"start":{"line":2,"column":0},"end":{"line":2,"column":36}},"2":{"start":{"line":3,"column":0},"end":{"line":3,"column":47}},"3":{"start":{"line":4,"column":0},"end":{"line":4,"column":61}},"4":{"start":{"line":5,"column":0},"end":{"line":5,"column":41}},"5":{"start":{"line":6,"column":0},"end":{"line":6,"column":62}},"6":{"start":{"line":16,"column":2},"end":{"line":22,"column":5}},"7":{"start":{"line":27,"column":4},"end":{"line":43,"column":5}},"8":{"start":{"line":28,"column":40},"end":{"line":28,"column":44}},"9":{"start":{"line":29,"column":21},"end":{"line":36,"column":20}},"10":{"start":{"line":37,"column":6},"end":{"line":37,"column":31}},"11":{"start":{"line":39,"column":6},"end":{"line":41,"column":7}},"12":{"start":{"line":40,"column":8},"end":{"line":40,"column":67}},"13":{"start":{"line":42,"column":6},"end":{"line":42,"column":18}},"14":{"start":{"line":47,"column":19},"end":{"line":50,"column":34}},"15":{"start":{"line":51,"column":4},"end":{"line":53,"column":5}},"16":{"start":{"line":52,"column":6},"end":{"line":52,"column":18}},"17":{"start":{"line":54,"column":4},"end":{"line":54,"column":29}},"18":{"start":{"line":58,"column":18},"end":{"line":58,"column":51}},"19":{"start":{"line":59,"column":4},"end":{"line":59,"column":34}},"20":{"start":{"line":63,"column":18},"end":{"line":66,"column":42}},"21":{"start":{"line":67,"column":4},"end":{"line":67,"column":34}},"22":{"start":{"line":75,"column":19},"end":{"line":79,"column":18}},"23":{"start":{"line":80,"column":4},"end":{"line":82,"column":5}},"24":{"start":{"line":81,"column":6},"end":{"line":81,"column":18}},"25":{"start":{"line":83,"column":4},"end":{"line":83,"column":29}},"26":{"start":{"line":87,"column":19},"end":{"line":90,"column":18}},"27":{"start":{"line":92,"column":4},"end":{"line":94,"column":5}},"28":{"start":{"line":93,"column":6},"end":{"line":93,"column":18}},"29":{"start":{"line":95,"column":4},"end":{"line":95,"column":29}},"30":{"start":{"line":25,"column":0},"end":{"line":25,"column":13}},"31":{"start":{"line":99,"column":13},"end":{"line":99,"column":53}}},"fnMap":{"0":{"name":"rowToDomain","decl":{"start":{"line":15,"column":9},"end":{"line":15,"column":20}},"loc":{"start":{"line":15,"column":29},"end":{"line":23,"column":1}}},"1":{"name":"(anonymous_8)","decl":{"start":{"line":26,"column":8},"end":{"line":26,"column":14}},"loc":{"start":{"line":26,"column":56},"end":{"line":44,"column":null}}},"2":{"name":"(anonymous_10)","decl":{"start":{"line":46,"column":8},"end":{"line":46,"column":18}},"loc":{"start":{"line":46,"column":29},"end":{"line":55,"column":null}}},"3":{"name":"(anonymous_12)","decl":{"start":{"line":57,"column":8},"end":{"line":57,"column":14}},"loc":{"start":{"line":57,"column":14},"end":{"line":60,"column":null}}},"4":{"name":"(anonymous_14)","decl":{"start":{"line":62,"column":8},"end":{"line":62,"column":18}},"loc":{"start":{"line":62,"column":34},"end":{"line":68,"column":null}}},"5":{"name":"(anonymous_16)","decl":{"start":{"line":70,"column":8},"end":{"line":70,"column":14}},"loc":{"start":{"line":73,"column":19},"end":{"line":84,"column":null}}},"6":{"name":"(anonymous_18)","decl":{"start":{"line":86,"column":8},"end":{"line":86,"column":14}},"loc":{"start":{"line":86,"column":42},"end":{"line":96,"column":null}}}},"branchMap":{"0":{"loc":{"start":{"line":39,"column":6},"end":{"line":41,"column":7}},"type":"if","locations":[{"start":{"line":39,"column":6},"end":{"line":41,"column":7}}]},"1":{"loc":{"start":{"line":39,"column":10},"end":{"line":39,"column":66}},"type":"binary-expr","locations":[{"start":{"line":39,"column":10},"end":{"line":39,"column":40}},{"start":{"line":39,"column":44},"end":{"line":39,"column":66}}]},"2":{"loc":{"start":{"line":51,"column":4},"end":{"line":53,"column":5}},"type":"if","locations":[{"start":{"line":51,"column":4},"end":{"line":53,"column":5}}]},"3":{"loc":{"start":{"line":80,"column":4},"end":{"line":82,"column":5}},"type":"if","locations":[{"start":{"line":80,"column":4},"end":{"line":82,"column":5}}]},"4":{"loc":{"start":{"line":92,"column":4},"end":{"line":94,"column":5}},"type":"if","locations":[{"start":{"line":92,"column":4},"end":{"line":94,"column":5}}]}},"s":{"0":0,"1":0,"2":0,"3":0,"4":0,"5":0,"6":0,"7":0,"8":0,"9":0,"10":0,"11":0,"12":0,"13":0,"14":0,"15":0,"16":0,"17":0,"18":0,"19":0,"20":0,"21":0,"22":0,"23":0,"24":0,"25":0,"26":0,"27":0,"28":0,"29":0,"30":0,"31":0},"f":{"0":0,"1":0,"2":0,"3":0,"4":0,"5":0,"6":0},"b":{"0":[0],"1":[0,0],"2":[0],"3":[0],"4":[0]}}
,"/Users/izzeddin/school/blog-backend/src/routes/auth.ts": {"path":"/Users/izzeddin/school/blog-backend/src/routes/auth.ts","statementMap":{"0":{"start":{"line":1,"column":0},"end":{"line":1,"column":42}},"1":{"start":{"line":2,"column":0},"end":{"line":2,"column":70}},"2":{"start":{"line":3,"column":0},"end":{"line":3,"column":64}},"3":{"start":{"line":4,"column":0},"end":{"line":4,"column":68}},"4":{"start":{"line":5,"column":0},"end":{"line":5,"column":64}},"5":{"start":{"line":13,"column":15},"end":{"line":13,"column":23}},"6":{"start":{"line":17,"column":0},"end":{"line":17,"column":87}},"7":{"start":{"line":17,"column":54},"end":{"line":17,"column":85}},"8":{"start":{"line":19,"column":0},"end":{"line":19,"column":84}},"9":{"start":{"line":19,"column":52},"end":{"line":19,"column":82}},"10":{"start":{"line":21,"column":0},"end":{"line":21,"column":154}},"11":{"start":{"line":21,"column":38},"end":{"line":21,"column":86}},"12":{"start":{"line":21,"column":102},"end":{"line":21,"column":152}},"13":{"start":{"line":24,"column":0},"end":{"line":24,"column":22}}},"fnMap":{"0":{"name":"(anonymous_0)","decl":{"start":{"line":17,"column":40},"end":{"line":17,"column":41}},"loc":{"start":{"line":17,"column":54},"end":{"line":17,"column":85}}},"1":{"name":"(anonymous_1)","decl":{"start":{"line":19,"column":38},"end":{"line":19,"column":39}},"loc":{"start":{"line":19,"column":52},"end":{"line":19,"column":82}}},"2":{"name":"(anonymous_2)","decl":{"start":{"line":21,"column":18},"end":{"line":21,"column":19}},"loc":{"start":{"line":21,"column":38},"end":{"line":21,"column":86}}},"3":{"name":"(anonymous_3)","decl":{"start":{"line":21,"column":88},"end":{"line":21,"column":89}},"loc":{"start":{"line":21,"column":102},"end":{"line":21,"column":152}}}},"branchMap":{},"s":{"0":0,"1":0,"2":0,"3":0,"4":0,"5":0,"6":0,"7":0,"8":0,"9":0,"10":0,"11":0,"12":0,"13":0},"f":{"0":0,"1":0,"2":0,"3":0},"b":{}}
,"/Users/izzeddin/school/blog-backend/src/routes/blog.ts": {"path":"/Users/izzeddin/school/blog-backend/src/routes/blog.ts","statementMap":{"0":{"start":{"line":1,"column":0},"end":{"line":1,"column":42}},"1":{"start":{"line":2,"column":0},"end":{"line":2,"column":96}},"2":{"start":{"line":3,"column":0},"end":{"line":3,"column":64}},"3":{"start":{"line":4,"column":0},"end":{"line":4,"column":64}},"4":{"start":{"line":35,"column":15},"end":{"line":35,"column":23}},"5":{"start":{"line":37,"column":0},"end":{"line":39,"column":2}},"6":{"start":{"line":38,"column":2},"end":{"line":38,"column":55}},"7":{"start":{"line":40,"column":0},"end":{"line":40,"column":81}},"8":{"start":{"line":40,"column":30},"end":{"line":40,"column":79}},"9":{"start":{"line":41,"column":0},"end":{"line":41,"column":171}},"10":{"start":{"line":41,"column":37},"end":{"line":41,"column":80}},"11":{"start":{"line":41,"column":117},"end":{"line":41,"column":169}},"12":{"start":{"line":42,"column":0},"end":{"line":42,"column":197}},"13":{"start":{"line":42,"column":41},"end":{"line":42,"column":95}},"14":{"start":{"line":42,"column":132},"end":{"line":42,"column":195}},"15":{"start":{"line":43,"column":0},"end":{"line":43,"column":174}},"16":{"start":{"line":43,"column":42},"end":{"line":43,"column":96}},"17":{"start":{"line":43,"column":112},"end":{"line":43,"column":172}},"18":{"start":{"line":45,"column":0},"end":{"line":45,"column":22}}},"fnMap":{"0":{"name":"(anonymous_0)","decl":{"start":{"line":37,"column":37},"end":{"line":37,"column":38}},"loc":{"start":{"line":38,"column":2},"end":{"line":38,"column":55}}},"1":{"name":"(anonymous_1)","decl":{"start":{"line":40,"column":16},"end":{"line":40,"column":17}},"loc":{"start":{"line":40,"column":30},"end":{"line":40,"column":79}}},"2":{"name":"(anonymous_2)","decl":{"start":{"line":41,"column":17},"end":{"line":41,"column":18}},"loc":{"start":{"line":41,"column":37},"end":{"line":41,"column":80}}},"3":{"name":"(anonymous_3)","decl":{"start":{"line":41,"column":103},"end":{"line":41,"column":104}},"loc":{"start":{"line":41,"column":117},"end":{"line":41,"column":169}}},"4":{"name":"(anonymous_4)","decl":{"start":{"line":42,"column":21},"end":{"line":42,"column":22}},"loc":{"start":{"line":42,"column":41},"end":{"line":42,"column":95}}},"5":{"name":"(anonymous_5)","decl":{"start":{"line":42,"column":118},"end":{"line":42,"column":119}},"loc":{"start":{"line":42,"column":132},"end":{"line":42,"column":195}}},"6":{"name":"(anonymous_6)","decl":{"start":{"line":43,"column":22},"end":{"line":43,"column":23}},"loc":{"start":{"line":43,"column":42},"end":{"line":43,"column":96}}},"7":{"name":"(anonymous_7)","decl":{"start":{"line":43,"column":98},"end":{"line":43,"column":99}},"loc":{"start":{"line":43,"column":112},"end":{"line":43,"column":172}}}},"branchMap":{},"s":{"0":0,"1":0,"2":0,"3":0,"4":0,"5":0,"6":0,"7":0,"8":0,"9":0,"10":0,"11":0,"12":0,"13":0,"14":0,"15":0,"16":0,"17":0,"18":0},"f":{"0":0,"1":0,"2":0,"3":0,"4":0,"5":0,"6":0,"7":0},"b":{}}
,"/Users/izzeddin/school/blog-backend/src/services/blog/blog.service.ts": {"path":"/Users/izzeddin/school/blog-backend/src/services/blog/blog.service.ts","statementMap":{"0":{"start":{"line":1,"column":0},"end":{"line":1,"column":86}},"1":{"start":{"line":6,"column":22},"end":{"line":6,"column":53}},"2":{"start":{"line":7,"column":4},"end":{"line":7,"column":41}},"3":{"start":{"line":11,"column":4},"end":{"line":11,"column":44}},"4":{"start":{"line":15,"column":4},"end":{"line":15,"column":46}},"5":{"start":{"line":19,"column":4},"end":{"line":19,"column":51}},"6":{"start":{"line":23,"column":4},"end":{"line":23,"column":40}},"7":{"start":{"line":27,"column":4},"end":{"line":27,"column":61}},"8":{"start":{"line":31,"column":4},"end":{"line":31,"column":55}},"9":{"start":{"line":4,"column":0},"end":{"line":4,"column":13}},"10":{"start":{"line":35,"column":13},"end":{"line":35,"column":60}}},"fnMap":{"0":{"name":"(anonymous_0)","decl":{"start":{"line":6,"column":2},"end":{"line":6,"column":22}},"loc":{"start":{"line":6,"column":53},"end":{"line":8,"column":3}}},"1":{"name":"(anonymous_1)","decl":{"start":{"line":10,"column":2},"end":{"line":10,"column":8}},"loc":{"start":{"line":10,"column":50},"end":{"line":12,"column":3}}},"2":{"name":"(anonymous_2)","decl":{"start":{"line":14,"column":2},"end":{"line":14,"column":12}},"loc":{"start":{"line":14,"column":23},"end":{"line":16,"column":3}}},"3":{"name":"(anonymous_3)","decl":{"start":{"line":18,"column":2},"end":{"line":18,"column":15}},"loc":{"start":{"line":18,"column":31},"end":{"line":20,"column":3}}},"4":{"name":"(anonymous_4)","decl":{"start":{"line":22,"column":2},"end":{"line":22,"column":8}},"loc":{"start":{"line":22,"column":8},"end":{"line":24,"column":3}}},"5":{"name":"(anonymous_5)","decl":{"start":{"line":26,"column":2},"end":{"line":26,"column":8}},"loc":{"start":{"line":26,"column":92},"end":{"line":28,"column":3}}},"6":{"name":"(anonymous_6)","decl":{"start":{"line":30,"column":2},"end":{"line":30,"column":8}},"loc":{"start":{"line":30,"column":40},"end":{"line":32,"column":3}}}},"branchMap":{},"s":{"0":0,"1":0,"2":0,"3":0,"4":0,"5":0,"6":0,"7":0,"8":0,"9":0,"10":0},"f":{"0":0,"1":0,"2":0,"3":0,"4":0,"5":0,"6":0},"b":{}}
,"/Users/izzeddin/school/blog-backend/src/services/blog/blog.ts": {"path":"/Users/izzeddin/school/blog-backend/src/services/blog/blog.ts","statementMap":{"0":{"start":{"line":14,"column":4},"end":{"line":14,"column":22}},"1":{"start":{"line":15,"column":4},"end":{"line":15,"column":28}},"2":{"start":{"line":16,"column":4},"end":{"line":16,"column":28}},"3":{"start":{"line":17,"column":4},"end":{"line":17,"column":32}},"4":{"start":{"line":22,"column":4},"end":{"line":27,"column":6}},"5":{"start":{"line":8,"column":0},"end":{"line":8,"column":13}}},"fnMap":{"0":{"name":"(anonymous_0)","decl":{"start":{"line":13,"column":2},"end":{"line":13,"column":14}},"loc":{"start":{"line":13,"column":34},"end":{"line":19,"column":3}}},"1":{"name":"(anonymous_1)","decl":{"start":{"line":21,"column":2},"end":{"line":21,"column":19}},"loc":{"start":{"line":21,"column":19},"end":{"line":28,"column":3}}}},"branchMap":{},"s":{"0":0,"1":0,"2":0,"3":0,"4":0,"5":0},"f":{"0":0,"1":0},"b":{}}
,"/Users/izzeddin/school/blog-backend/src/services/user/Auth.service.ts": {"path":"/Users/izzeddin/school/blog-backend/src/services/user/Auth.service.ts","statementMap":{"0":{"start":{"line":1,"column":0},"end":{"line":1,"column":86}},"1":{"start":{"line":3,"column":0},"end":{"line":3,"column":28}},"2":{"start":{"line":4,"column":0},"end":{"line":4,"column":31}},"3":{"start":{"line":5,"column":0},"end":{"line":5,"column":32}},"4":{"start":{"line":6,"column":0},"end":{"line":6,"column":77}},"5":{"start":{"line":7,"column":0},"end":{"line":7,"column":9}},"6":{"start":{"line":14,"column":4},"end":{"line":14,"column":43}},"7":{"start":{"line":22,"column":27},"end":{"line":22,"column":64}},"8":{"start":{"line":23,"column":17},"end":{"line":23,"column":60}},"9":{"start":{"line":25,"column":17},"end":{"line":25,"column":60}},"10":{"start":{"line":27,"column":18},"end":{"line":27,"column":70}},"11":{"start":{"line":28,"column":4},"end":{"line":28,"column":34}},"12":{"start":{"line":32,"column":17},"end":{"line":32,"column":80}},"13":{"start":{"line":33,"column":4},"end":{"line":35,"column":5}},"14":{"start":{"line":34,"column":6},"end":{"line":34,"column":63}},"15":{"start":{"line":36,"column":30},"end":{"line":36,"column":88}},"16":{"start":{"line":37,"column":4},"end":{"line":39,"column":5}},"17":{"start":{"line":38,"column":6},"end":{"line":38,"column":63}},"18":{"start":{"line":41,"column":18},"end":{"line":41,"column":70}},"19":{"start":{"line":42,"column":4},"end":{"line":42,"column":34}},"20":{"start":{"line":47,"column":4},"end":{"line":47,"column":48}},"21":{"start":{"line":10,"column":0},"end":{"line":10,"column":13}},"22":{"start":{"line":51,"column":13},"end":{"line":51,"column":60}}},"fnMap":{"0":{"name":"(anonymous_8)","decl":{"start":{"line":13,"column":2},"end":{"line":13,"column":14}},"loc":{"start":{"line":13,"column":46},"end":{"line":15,"column":3}}},"1":{"name":"(anonymous_9)","decl":{"start":{"line":21,"column":15},"end":{"line":21,"column":21}},"loc":{"start":{"line":21,"column":57},"end":{"line":29,"column":null}}},"2":{"name":"(anonymous_11)","decl":{"start":{"line":31,"column":15},"end":{"line":31,"column":20}},"loc":{"start":{"line":31,"column":79},"end":{"line":44,"column":null}}},"3":{"name":"(anonymous_13)","decl":{"start":{"line":46,"column":15},"end":{"line":46,"column":22}},"loc":{"start":{"line":46,"column":33},"end":{"line":48,"column":null}}}},"branchMap":{"0":{"loc":{"start":{"line":33,"column":4},"end":{"line":35,"column":5}},"type":"if","locations":[{"start":{"line":33,"column":4},"end":{"line":35,"column":5}}]},"1":{"loc":{"start":{"line":37,"column":4},"end":{"line":39,"column":5}},"type":"if","locations":[{"start":{"line":37,"column":4},"end":{"line":39,"column":5}}]}},"s":{"0":0,"1":0,"2":0,"3":0,"4":0,"5":0,"6":0,"7":0,"8":0,"9":0,"10":0,"11":0,"12":0,"13":0,"14":0,"15":0,"16":0,"17":0,"18":0,"19":0,"20":0,"21":0,"22":0},"f":{"0":0,"1":0,"2":0,"3":0},"b":{"0":[0],"1":[0]}}
,"/Users/izzeddin/school/blog-backend/src/services/user/User.ts": {"path":"/Users/izzeddin/school/blog-backend/src/services/user/User.ts","statementMap":{"0":{"start":{"line":12,"column":4},"end":{"line":12,"column":17}},"1":{"start":{"line":13,"column":4},"end":{"line":13,"column":23}},"2":{"start":{"line":14,"column":4},"end":{"line":14,"column":29}},"3":{"start":{"line":7,"column":0},"end":{"line":7,"column":13}}},"fnMap":{"0":{"name":"(anonymous_0)","decl":{"start":{"line":11,"column":2},"end":{"line":11,"column":14}},"loc":{"start":{"line":11,"column":53},"end":{"line":15,"column":3}}}},"branchMap":{},"s":{"0":0,"1":0,"2":0,"3":0},"f":{"0":0},"b":{}}
,"/Users/izzeddin/school/blog-backend/src/test/fixtures/blogs.ts": {"path":"/Users/izzeddin/school/blog-backend/src/test/fixtures/blogs.ts","statementMap":{"0":{"start":{"line":1,"column":0},"end":{"line":1,"column":64}},"1":{"start":{"line":3,"column":13},"end":{"line":15,"column":2}},"2":{"start":{"line":18,"column":13},"end":{"line":18,"column":60}},"3":{"start":{"line":18,"column":44},"end":{"line":18,"column":58}}},"fnMap":{"0":{"name":"(anonymous_0)","decl":{"start":{"line":18,"column":34},"end":{"line":18,"column":35}},"loc":{"start":{"line":18,"column":44},"end":{"line":18,"column":58}}}},"branchMap":{},"s":{"0":1,"1":1,"2":1,"3":11},"f":{"0":11},"b":{}}
,"/Users/izzeddin/school/blog-backend/src/test/fixtures/users.ts": {"path":"/Users/izzeddin/school/blog-backend/src/test/fixtures/users.ts","statementMap":{"0":{"start":{"line":1,"column":0},"end":{"line":1,"column":64}},"1":{"start":{"line":3,"column":13},"end":{"line":44,"column":2}},"2":{"start":{"line":46,"column":13},"end":{"line":46,"column":60}},"3":{"start":{"line":46,"column":44},"end":{"line":46,"column":58}}},"fnMap":{"0":{"name":"(anonymous_0)","decl":{"start":{"line":46,"column":34},"end":{"line":46,"column":35}},"loc":{"start":{"line":46,"column":44},"end":{"line":46,"column":58}}}},"branchMap":{},"s":{"0":2,"1":2,"2":2,"3":16},"f":{"0":16},"b":{}}
,"/Users/izzeddin/school/blog-backend/src/validators/auth/login.validator.ts": {"path":"/Users/izzeddin/school/blog-backend/src/validators/auth/login.validator.ts","statementMap":{"0":{"start":{"line":1,"column":0},"end":{"line":1,"column":53}},"1":{"start":{"line":3,"column":13},"end":{"line":8,"column":3}}},"fnMap":{},"branchMap":{},"s":{"0":0,"1":0},"f":{},"b":{}}
,"/Users/izzeddin/school/blog-backend/src/validators/auth/signup.validator.ts": {"path":"/Users/izzeddin/school/blog-backend/src/validators/auth/signup.validator.ts","statementMap":{"0":{"start":{"line":1,"column":0},"end":{"line":1,"column":53}},"1":{"start":{"line":3,"column":13},"end":{"line":8,"column":3}}},"fnMap":{},"branchMap":{},"s":{"0":0,"1":0},"f":{},"b":{}}
}
